#
# There is insufficient memory for the Java Runtime Environment to continue.
# Native memory allocation (malloc) failed to allocate 32744 bytes for ChunkPool::allocate
# Possible reasons:
#   The system is out of physical RAM or swap space
#   In 32 bit mode, the process size limit was hit
# Possible solutions:
#   Reduce memory load on the system
#   Increase physical memory or swap space
#   Check if swap backing store is full
#   Use 64 bit Java on a 64 bit OS
#   Decrease Java heap size (-Xmx/-Xms)
#   Decrease number of Java threads
#   Decrease Java thread stack sizes (-Xss)
#   Set larger code cache with -XX:ReservedCodeCacheSize=
# This output file may be truncated or incomplete.
#
#  Out of Memory Error (allocation.cpp:211), pid=6592, tid=12376
#
# JRE version: Java(TM) SE Runtime Environment (7.0_79-b15) (build 1.7.0_79-b15)
# Java VM: Java HotSpot(TM) 64-Bit Server VM (24.79-b02 mixed mode windows-amd64 compressed oops)
# Failed to write core dump. Minidumps are not enabled by default on client versions of Windows
#

---------------  T H R E A D  ---------------

Current thread (0x00000000080ac000):  JavaThread "C2 CompilerThread0" daemon [_thread_in_native, id=12376, stack(0x0000000009610000,0x0000000009710000)]

Stack: [0x0000000009610000,0x0000000009710000]

Current CompileTask:
C2:  26749 1359             org.springframework.asm.ClassReader::accept (5758 bytes)


---------------  P R O C E S S  ---------------

Java Threads: ( => current thread )
  0x000000000bf6c000 JavaThread "Thread-2" daemon [_thread_in_native, id=16296, stack(0x000000000dbc0000,0x000000000dcc0000)]
  0x000000000ac78800 JavaThread "localhost-startStop-1" daemon [_thread_in_native, id=2320, stack(0x000000000dac0000,0x000000000dbc0000)]
  0x000000000ab5b800 JavaThread "Tomcat-startStop-1" daemon [_thread_blocked, id=2912, stack(0x000000000d9c0000,0x000000000dac0000)]
  0x00000000080bc000 JavaThread "Service Thread" daemon [_thread_blocked, id=13744, stack(0x0000000009810000,0x0000000009910000)]
  0x00000000080ae000 JavaThread "C2 CompilerThread1" daemon [_thread_in_native, id=2032, stack(0x0000000009710000,0x0000000009810000)]
=>0x00000000080ac000 JavaThread "C2 CompilerThread0" daemon [_thread_in_native, id=12376, stack(0x0000000009610000,0x0000000009710000)]
  0x00000000080ab000 JavaThread "Attach Listener" daemon [_thread_blocked, id=1908, stack(0x0000000009510000,0x0000000009610000)]
  0x00000000080a8000 JavaThread "Signal Dispatcher" daemon [_thread_blocked, id=11308, stack(0x0000000009410000,0x0000000009510000)]
  0x0000000008070000 JavaThread "Finalizer" daemon [_thread_blocked, id=15336, stack(0x0000000009310000,0x0000000009410000)]
  0x0000000008066800 JavaThread "Reference Handler" daemon [_thread_blocked, id=4728, stack(0x0000000009210000,0x0000000009310000)]
  0x000000000053e800 JavaThread "main" [_thread_blocked, id=2004, stack(0x00000000021c0000,0x00000000022c0000)]

Other Threads:
  0x0000000008061800 VMThread [stack: 0x0000000009110000,0x0000000009210000] [id=9400]
  0x00000000080ce800 WatcherThread [stack: 0x0000000009910000,0x0000000009a10000] [id=5068]

VM state:not at safepoint (normal execution)

VM Mutex/Monitor currently owned by a thread: None

Heap
 PSYoungGen      total 288768K, used 193871K [0x00000000eb280000, 0x0000000100000000, 0x0000000100000000)
  eden space 255488K, 62% used [0x00000000eb280000,0x00000000f4f54c30,0x00000000fac00000)
  from space 33280K, 99% used [0x00000000fdf80000,0x00000000fffff010,0x0000000100000000)
  to   space 43008K, 0% used [0x00000000fac00000,0x00000000fac00000,0x00000000fd600000)
 ParOldGen       total 61440K, used 37284K [0x00000000c1800000, 0x00000000c5400000, 0x00000000eb280000)
  object space 61440K, 60% used [0x00000000c1800000,0x00000000c3c693b0,0x00000000c5400000)
 PSPermGen       total 55808K, used 40556K [0x00000000bc600000, 0x00000000bfc80000, 0x00000000c1800000)
  object space 55808K, 72% used [0x00000000bc600000,0x00000000bed9b2b0,0x00000000bfc80000)

Card table byte_map: [0x00000000053c0000,0x00000000055e0000] byte_map_base: 0x0000000004ddd000

Polling page: 0x0000000000510000

Code Cache  [0x00000000023c0000, 0x00000000028f0000, 0x00000000053c0000)
 total_blobs=1659 nmethods=1257 adapters=352 free_code_cache=44044Kb largest_free_block=44952320

Compilation events (10 events):
Event: 26.511 Thread 0x00000000080ae000 1361             java.util.AbstractCollection::toArray (147 bytes)
Event: 26.516 Thread 0x00000000080ae000 nmethod 1361 0x000000000281ac90 code [0x000000000281ae20, 0x000000000281b2f8]
Event: 26.516 Thread 0x00000000080ae000 1362             java.util.LinkedHashMap$ValueIterator::next (8 bytes)
Event: 26.517 Thread 0x00000000080ae000 nmethod 1362 0x00000000024f0a90 code [0x00000000024f0be0, 0x00000000024f0cb8]
Event: 26.579 Thread 0x00000000080ae000 1363             org.springframework.asm.Type::a (267 bytes)
Event: 26.585 Thread 0x00000000080ae000 nmethod 1363 0x000000000281a110 code [0x000000000281a3c0, 0x000000000281a958]
Event: 26.633 Thread 0x00000000080ae000 1364             org.springframework.asm.ClassReader::<init> (257 bytes)
Event: 26.638 Thread 0x00000000080ae000 nmethod 1364 0x00000000025e9050 code [0x00000000025e9280, 0x00000000025e96b8]
Event: 26.659 Thread 0x00000000080ae000 1365             org.springframework.asm.ClassReader::readInt (52 bytes)
Event: 26.660 Thread 0x00000000080ae000 nmethod 1365 0x000000000281bad0 code [0x000000000281bc00, 0x000000000281bcd8]

GC Heap History (10 events):
Event: 10.359 GC heap before
{Heap before GC invocations=7 (full 0):
 PSYoungGen      total 137216K, used 137202K [0x00000000eb280000, 0x00000000f4e80000, 0x0000000100000000)
  eden space 126976K, 100% used [0x00000000eb280000,0x00000000f2e80000,0x00000000f2e80000)
  from space 10240K, 99% used [0x00000000f3c80000,0x00000000f467cbf8,0x00000000f4680000)
  to   space 14336K, 0% used [0x00000000f2e80000,0x00000000f2e80000,0x00000000f3c80000)
 ParOldGen       total 42496K, used 19005K [0x00000000c1800000, 0x00000000c4180000, 0x00000000eb280000)
  object space 42496K, 44% used [0x00000000c1800000,0x00000000c2a8f7c0,0x00000000c4180000)
 PSPermGen       total 27648K, used 27606K [0x00000000bc600000, 0x00000000be100000, 0x00000000c1800000)
  object space 27648K, 99% used [0x00000000bc600000,0x00000000be0f5990,0x00000000be100000)
Event: 10.390 GC heap after
Heap after GC invocations=7 (full 0):
 PSYoungGen      total 141312K, used 14330K [0x00000000eb280000, 0x00000000fd680000, 0x0000000100000000)
  eden space 126976K, 0% used [0x00000000eb280000,0x00000000eb280000,0x00000000f2e80000)
  from space 14336K, 99% used [0x00000000f2e80000,0x00000000f3c7ea10,0x00000000f3c80000)
  to   space 22528K, 0% used [0x00000000fc080000,0x00000000fc080000,0x00000000fd680000)
 ParOldGen       total 42496K, used 30438K [0x00000000c1800000, 0x00000000c4180000, 0x00000000eb280000)
  object space 42496K, 71% used [0x00000000c1800000,0x00000000c35b9a98,0x00000000c4180000)
 PSPermGen       total 27648K, used 27606K [0x00000000bc600000, 0x00000000be100000, 0x00000000c1800000)
  object space 27648K, 99% used [0x00000000bc600000,0x00000000be0f5990,0x00000000be100000)
}
Event: 12.260 GC heap before
{Heap before GC invocations=8 (full 0):
 PSYoungGen      total 141312K, used 141306K [0x00000000eb280000, 0x00000000fd680000, 0x0000000100000000)
  eden space 126976K, 100% used [0x00000000eb280000,0x00000000f2e80000,0x00000000f2e80000)
  from space 14336K, 99% used [0x00000000f2e80000,0x00000000f3c7ea10,0x00000000f3c80000)
  to   space 22528K, 0% used [0x00000000fc080000,0x00000000fc080000,0x00000000fd680000)
 ParOldGen       total 42496K, used 30438K [0x00000000c1800000, 0x00000000c4180000, 0x00000000eb280000)
  object space 42496K, 71% used [0x00000000c1800000,0x00000000c35b9a98,0x00000000c4180000)
 PSPermGen       total 28160K, used 27875K [0x00000000bc600000, 0x00000000be180000, 0x00000000c1800000)
  object space 28160K, 98% used [0x00000000bc600000,0x00000000be138f80,0x00000000be180000)
Event: 12.308 GC heap after
Heap after GC invocations=8 (full 0):
 PSYoungGen      total 270336K, used 22524K [0x00000000eb280000, 0x00000000fe280000, 0x0000000100000000)
  eden space 247808K, 0% used [0x00000000eb280000,0x00000000eb280000,0x00000000fa480000)
  from space 22528K, 99% used [0x00000000fc080000,0x00000000fd67f098,0x00000000fd680000)
  to   space 28672K, 0% used [0x00000000fa480000,0x00000000fa480000,0x00000000fc080000)
 ParOldGen       total 42496K, used 35517K [0x00000000c1800000, 0x00000000c4180000, 0x00000000eb280000)
  object space 42496K, 83% used [0x00000000c1800000,0x00000000c3aaf590,0x00000000c4180000)
 PSPermGen       total 28160K, used 27875K [0x00000000bc600000, 0x00000000be180000, 0x00000000c1800000)
  object space 28160K, 98% used [0x00000000bc600000,0x00000000be138f80,0x00000000be180000)
}
Event: 12.308 GC heap before
{Heap before GC invocations=9 (full 1):
 PSYoungGen      total 270336K, used 22524K [0x00000000eb280000, 0x00000000fe280000, 0x0000000100000000)
  eden space 247808K, 0% used [0x00000000eb280000,0x00000000eb280000,0x00000000fa480000)
  from space 22528K, 99% used [0x00000000fc080000,0x00000000fd67f098,0x00000000fd680000)
  to   space 28672K, 0% used [0x00000000fa480000,0x00000000fa480000,0x00000000fc080000)
 ParOldGen       total 42496K, used 35517K [0x00000000c1800000, 0x00000000c4180000, 0x00000000eb280000)
  object space 42496K, 83% used [0x00000000c1800000,0x00000000c3aaf590,0x00000000c4180000)
 PSPermGen       total 28160K, used 27875K [0x00000000bc600000, 0x00000000be180000, 0x00000000c1800000)
  object space 28160K, 98% used [0x00000000bc600000,0x00000000be138f80,0x00000000be180000)
Event: 12.493 GC heap after
Heap after GC invocations=9 (full 1):
 PSYoungGen      total 270336K, used 0K [0x00000000eb280000, 0x00000000fe280000, 0x0000000100000000)
  eden space 247808K, 0% used [0x00000000eb280000,0x00000000eb280000,0x00000000fa480000)
  from space 22528K, 0% used [0x00000000fc080000,0x00000000fc080000,0x00000000fd680000)
  to   space 28672K, 0% used [0x00000000fa480000,0x00000000fa480000,0x00000000fc080000)
 ParOldGen       total 61440K, used 25674K [0x00000000c1800000, 0x00000000c5400000, 0x00000000eb280000)
  object space 61440K, 41% used [0x00000000c1800000,0x00000000c3112918,0x00000000c5400000)
 PSPermGen       total 55808K, used 27865K [0x00000000bc600000, 0x00000000bfc80000, 0x00000000c1800000)
  object space 55808K, 49% used [0x00000000bc600000,0x00000000be1364a0,0x00000000bfc80000)
}
Event: 23.672 GC heap before
{Heap before GC invocations=10 (full 1):
 PSYoungGen      total 270336K, used 247808K [0x00000000eb280000, 0x00000000fe280000, 0x0000000100000000)
  eden space 247808K, 100% used [0x00000000eb280000,0x00000000fa480000,0x00000000fa480000)
  from space 22528K, 0% used [0x00000000fc080000,0x00000000fc080000,0x00000000fd680000)
  to   space 28672K, 0% used [0x00000000fa480000,0x00000000fa480000,0x00000000fc080000)
 ParOldGen       total 61440K, used 25674K [0x00000000c1800000, 0x00000000c5400000, 0x00000000eb280000)
  object space 61440K, 41% used [0x00000000c1800000,0x00000000c3112918,0x00000000c5400000)
 PSPermGen       total 55808K, used 35027K [0x00000000bc600000, 0x00000000bfc80000, 0x00000000c1800000)
  object space 55808K, 62% used [0x00000000bc600000,0x00000000be834f48,0x00000000bfc80000)
Event: 23.699 GC heap after
Heap after GC invocations=10 (full 1):
 PSYoungGen      total 276480K, used 27759K [0x00000000eb280000, 0x0000000100000000, 0x0000000100000000)
  eden space 247808K, 0% used [0x00000000eb280000,0x00000000eb280000,0x00000000fa480000)
  from space 28672K, 96% used [0x00000000fa480000,0x00000000fbf9bfd0,0x00000000fc080000)
  to   space 33280K, 0% used [0x00000000fdf80000,0x00000000fdf80000,0x0000000100000000)
 ParOldGen       total 61440K, used 25746K [0x00000000c1800000, 0x00000000c5400000, 0x00000000eb280000)
  object space 61440K, 41% used [0x00000000c1800000,0x00000000c3124928,0x00000000c5400000)
 PSPermGen       total 55808K, used 35027K [0x00000000bc600000, 0x00000000bfc80000, 0x00000000c1800000)
  object space 55808K, 62% used [0x00000000bc600000,0x00000000be834f48,0x00000000bfc80000)
}
Event: 24.851 GC heap before
{Heap before GC invocations=11 (full 1):
 PSYoungGen      total 276480K, used 275567K [0x00000000eb280000, 0x0000000100000000, 0x0000000100000000)
  eden space 247808K, 100% used [0x00000000eb280000,0x00000000fa480000,0x00000000fa480000)
  from space 28672K, 96% used [0x00000000fa480000,0x00000000fbf9bfd0,0x00000000fc080000)
  to   space 33280K, 0% used [0x00000000fdf80000,0x00000000fdf80000,0x0000000100000000)
 ParOldGen       total 61440K, used 25746K [0x00000000c1800000, 0x00000000c5400000, 0x00000000eb280000)
  object space 61440K, 41% used [0x00000000c1800000,0x00000000c3124928,0x00000000c5400000)
 PSPermGen       total 55808K, used 35065K [0x00000000bc600000, 0x00000000bfc80000, 0x00000000c1800000)
  object space 55808K, 62% used [0x00000000bc600000,0x00000000be83e540,0x00000000bfc80000)
Event: 24.897 GC heap after
Heap after GC invocations=11 (full 1):
 PSYoungGen      total 288768K, used 33276K [0x00000000eb280000, 0x0000000100000000, 0x0000000100000000)
  eden space 255488K, 0% used [0x00000000eb280000,0x00000000eb280000,0x00000000fac00000)
  from space 33280K, 99% used [0x00000000fdf80000,0x00000000fffff010,0x0000000100000000)
  to   space 43008K, 0% used [0x00000000fac00000,0x00000000fac00000,0x00000000fd600000)
 ParOldGen       total 61440K, used 37284K [0x00000000c1800000, 0x00000000c5400000, 0x00000000eb280000)
  object space 61440K, 60% used [0x00000000c1800000,0x00000000c3c693b0,0x00000000c5400000)
 PSPermGen       total 55808K, used 35065K [0x00000000bc600000, 0x00000000bfc80000, 0x00000000c1800000)
  object space 55808K, 62% used [0x00000000bc600000,0x00000000be83e540,0x00000000bfc80000)
}

Deoptimization events (10 events):
Event: 25.848 Thread 0x000000000ac78800 Uncommon trap: reason=class_check action=maybe_recompile pc=0x00000000028d8ee4 method=com.sun.org.apache.xerces.internal.impl.XMLDocumentFragmentScannerImpl$FragmentContentDriver.next()I @ 2222
Event: 25.853 Thread 0x000000000ac78800 Uncommon trap: reason=class_check action=maybe_recompile pc=0x00000000028d8ee4 method=com.sun.org.apache.xerces.internal.impl.XMLDocumentFragmentScannerImpl$FragmentContentDriver.next()I @ 2222
Event: 25.853 Thread 0x000000000ac78800 Uncommon trap: reason=class_check action=maybe_recompile pc=0x00000000028d8ef8 method=com.sun.org.apache.xerces.internal.impl.XMLDocumentFragmentScannerImpl$FragmentContentDriver.next()I @ 435
Event: 25.854 Thread 0x000000000ac78800 Uncommon trap: reason=class_check action=maybe_recompile pc=0x00000000028d8ef8 method=com.sun.org.apache.xerces.internal.impl.XMLDocumentFragmentScannerImpl$FragmentContentDriver.next()I @ 435
Event: 25.857 Thread 0x000000000ac78800 Uncommon trap: reason=predicate action=maybe_recompile pc=0x00000000028cab00 method=com.sun.org.apache.xerces.internal.impl.XMLDocumentFragmentScannerImpl.scanDocument(Z)Z @ 13
Event: 25.880 Thread 0x000000000ac78800 Uncommon trap: reason=predicate action=maybe_recompile pc=0x00000000025a8d74 method=com.sun.org.apache.xerces.internal.impl.XMLDocumentFragmentScannerImpl.scanDocument(Z)Z @ 13
Event: 26.525 Thread 0x000000000ac78800 Uncommon trap: reason=array_check action=maybe_recompile pc=0x000000000281b0a8 method=java.util.AbstractCollection.toArray([Ljava/lang/Object;)[Ljava/lang/Object; @ 119
Event: 26.525 Thread 0x000000000ac78800 Uncommon trap: reason=array_check action=maybe_recompile pc=0x000000000281b0a8 method=java.util.AbstractCollection.toArray([Ljava/lang/Object;)[Ljava/lang/Object; @ 119
Event: 26.525 Thread 0x000000000ac78800 Uncommon trap: reason=array_check action=maybe_recompile pc=0x000000000281b0a8 method=java.util.AbstractCollection.toArray([Ljava/lang/Object;)[Ljava/lang/Object; @ 119
Event: 26.525 Thread 0x000000000ac78800 Uncommon trap: reason=array_check action=maybe_recompile pc=0x000000000281b0a8 method=java.util.AbstractCollection.toArray([Ljava/lang/Object;)[Ljava/lang/Object; @ 119

Internal exceptions (10 events):
Event: 26.148 Thread 0x000000000ac78800 Threw 0x00000000f49acef0 at C:\re\jdk7u79\2331\hotspot\src\share\vm\prims\jvm.cpp:1304
Event: 26.148 Thread 0x000000000ac78800 Threw 0x00000000f49ad510 at C:\re\jdk7u79\2331\hotspot\src\share\vm\prims\jvm.cpp:1304
Event: 26.149 Thread 0x000000000ac78800 Threw 0x00000000f49b62c8 at C:\re\jdk7u79\2331\hotspot\src\share\vm\prims\jvm.cpp:1304
Event: 26.149 Thread 0x000000000ac78800 Threw 0x00000000f49b68e0 at C:\re\jdk7u79\2331\hotspot\src\share\vm\prims\jvm.cpp:1304
Event: 26.723 Thread 0x000000000ac78800 Threw 0x00000000f4dfc4d0 at C:\re\jdk7u79\2331\hotspot\src\share\vm\prims\jvm.cpp:1304
Event: 26.723 Thread 0x000000000ac78800 Threw 0x00000000f4dfcc10 at C:\re\jdk7u79\2331\hotspot\src\share\vm\prims\jvm.cpp:1304
Event: 26.724 Thread 0x000000000ac78800 Threw 0x00000000f4e05fd0 at C:\re\jdk7u79\2331\hotspot\src\share\vm\prims\jvm.cpp:1304
Event: 26.724 Thread 0x000000000ac78800 Threw 0x00000000f4e06710 at C:\re\jdk7u79\2331\hotspot\src\share\vm\prims\jvm.cpp:1304
Event: 26.725 Thread 0x000000000ac78800 Threw 0x00000000f4e13cd8 at C:\re\jdk7u79\2331\hotspot\src\share\vm\prims\jvm.cpp:1304
Event: 26.725 Thread 0x000000000ac78800 Threw 0x00000000f4e143d8 at C:\re\jdk7u79\2331\hotspot\src\share\vm\prims\jvm.cpp:1304

Events (10 events):
Event: 26.525 Thread 0x000000000ac78800 DEOPT UNPACKING pc=0x00000000023f75a4 sp=0x000000000dbbdc68 mode 2
Event: 26.525 Thread 0x000000000ac78800 Uncommon trap: trap_request=0xffffffd6 fr.pc=0x000000000281b0a8
Event: 26.525 Thread 0x000000000ac78800 DEOPT PACKING pc=0x000000000281b0a8 sp=0x000000000dbbdc90
Event: 26.525 Thread 0x000000000ac78800 DEOPT UNPACKING pc=0x00000000023f75a4 sp=0x000000000dbbdc68 mode 2
Event: 26.723 loading class 0x000000000c682ad0
Event: 26.723 loading class 0x000000000c682ad0 done
Event: 26.724 loading class 0x000000000c690590
Event: 26.724 loading class 0x000000000c690590 done
Event: 26.725 loading class 0x000000000c682a30
Event: 26.725 loading class 0x000000000c682a30 done


Dynamic libraries:
0x00007ff777610000 - 0x00007ff777643000 	C:\Program Files\Java\jdk1.7.0_79\bin\java.exe
0x00007ffeaa780000 - 0x00007ffeaa941000 	C:\WINDOWS\SYSTEM32\ntdll.dll
0x00007ffea8aa0000 - 0x00007ffea8b4d000 	C:\WINDOWS\system32\KERNEL32.DLL
0x00007ffea7820000 - 0x00007ffea7a08000 	C:\WINDOWS\system32\KERNELBASE.dll
0x00007ffea8420000 - 0x00007ffea84c7000 	C:\WINDOWS\system32\ADVAPI32.dll
0x00007ffeaa660000 - 0x00007ffeaa6fd000 	C:\WINDOWS\system32\msvcrt.dll
0x00007ffea83c0000 - 0x00007ffea841b000 	C:\WINDOWS\system32\sechost.dll
0x00007ffeaa3e0000 - 0x00007ffeaa4fc000 	C:\WINDOWS\system32\RPCRT4.dll
0x00007ffea8650000 - 0x00007ffea87a6000 	C:\WINDOWS\system32\USER32.dll
0x00007ffea7be0000 - 0x00007ffea7d66000 	C:\WINDOWS\system32\GDI32.dll
0x00007ffe9cd00000 - 0x00007ffe9cf74000 	C:\WINDOWS\WinSxS\amd64_microsoft.windows.common-controls_6595b64144ccf1df_6.0.10586.0_none_8c15ae12515e1c22\COMCTL32.dll
0x00007ffea87b0000 - 0x00007ffea8a2d000 	C:\WINDOWS\system32\combase.dll
0x00007ffea7650000 - 0x00007ffea76ba000 	C:\WINDOWS\system32\bcryptPrimitives.dll
0x00007ffea8dd0000 - 0x00007ffea8e0b000 	C:\WINDOWS\system32\IMM32.DLL
0x0000000071e30000 - 0x0000000071f02000 	C:\Program Files\Java\jdk1.7.0_79\jre\bin\msvcr100.dll
0x0000000071220000 - 0x00000000719f5000 	C:\Program Files\Java\jdk1.7.0_79\jre\bin\server\jvm.dll
0x00007ffea84d0000 - 0x00007ffea84d8000 	C:\WINDOWS\system32\PSAPI.DLL
0x00007ffea4020000 - 0x00007ffea4029000 	C:\WINDOWS\SYSTEM32\WSOCK32.dll
0x00007ffea4f80000 - 0x00007ffea4fa3000 	C:\WINDOWS\SYSTEM32\WINMM.dll
0x00007ffea8a30000 - 0x00007ffea8a9b000 	C:\WINDOWS\system32\WS2_32.dll
0x00007ffea4f50000 - 0x00007ffea4f7c000 	C:\WINDOWS\SYSTEM32\WINMMBASE.dll
0x00007ffea77d0000 - 0x00007ffea7813000 	C:\WINDOWS\system32\cfgmgr32.dll
0x0000000071e20000 - 0x0000000071e2f000 	C:\Program Files\Java\jdk1.7.0_79\jre\bin\verify.dll
0x0000000071df0000 - 0x0000000071e18000 	C:\Program Files\Java\jdk1.7.0_79\jre\bin\java.dll
0x0000000071dd0000 - 0x0000000071de5000 	C:\Program Files\Java\jdk1.7.0_79\jre\bin\zip.dll
0x0000000070290000 - 0x00000000702aa000 	C:\Program Files\Java\jdk1.7.0_79\jre\bin\net.dll
0x00007ffea66d0000 - 0x00007ffea672c000 	C:\WINDOWS\system32\mswsock.dll
0x0000000070270000 - 0x0000000070281000 	C:\Program Files\Java\jdk1.7.0_79\jre\bin\nio.dll
0x00007ffea6780000 - 0x00007ffea6797000 	C:\WINDOWS\SYSTEM32\CRYPTSP.dll
0x00007ffea6410000 - 0x00007ffea6444000 	C:\WINDOWS\system32\rsaenh.dll
0x00007ffea69a0000 - 0x00007ffea69c9000 	C:\WINDOWS\SYSTEM32\bcrypt.dll
0x00007ffea6560000 - 0x00007ffea657f000 	C:\WINDOWS\SYSTEM32\USERENV.dll
0x00007ffea6e10000 - 0x00007ffea6e24000 	C:\WINDOWS\system32\profapi.dll
0x00007ffea68a0000 - 0x00007ffea68ab000 	C:\WINDOWS\SYSTEM32\CRYPTBASE.dll
0x00007ffe9d7e0000 - 0x00007ffe9d818000 	C:\WINDOWS\SYSTEM32\IPHLPAPI.DLL
0x00007ffea8b50000 - 0x00007ffea8b58000 	C:\WINDOWS\system32\NSI.dll
0x00007ffe9d340000 - 0x00007ffe9d356000 	C:\WINDOWS\SYSTEM32\dhcpcsvc6.DLL
0x00007ffe9d320000 - 0x00007ffe9d33a000 	C:\WINDOWS\SYSTEM32\dhcpcsvc.DLL
0x0000000071dc0000 - 0x0000000071dcb000 	C:\Program Files\Java\jdk1.7.0_79\jre\bin\management.dll

VM Arguments:
jvm_args: -Dclassworlds.conf=C:\Users\usuario\Documents\IW\apache-maven-3.3.9\bin\m2.conf -Dmaven.home=C:\Users\usuario\Documents\IW\apache-maven-3.3.9 -Dmaven.multiModuleProjectDirectory=C:\Users\usuario\Documents\IW\workspace-sts-3.7.2.RELEASE\iw2016-ujob 
java_command: org.codehaus.plexus.classworlds.launcher.Launcher clean compile tomcat7:run
Launcher Type: SUN_STANDARD

Environment Variables:
JAVA_HOME=C:\Program Files\Java\jdk1.7.0_79
PATH=C:\Program Files (x86)\Intel\iCLS Client\;C:\Program Files\Intel\iCLS Client\;C:\Windows\system32;C:\Windows;C:\Windows\System32\Wbem;C:\Windows\System32\WindowsPowerShell\v1.0\;C:\Program Files (x86)\Intel\Intel(R) Management Engine Components\DAL;C:\Program Files\Intel\Intel(R) Management Engine Components\DAL;C:\Program Files (x86)\Intel\Intel(R) Management Engine Components\IPT;C:\Program Files\Intel\Intel(R) Management Engine Components\IPT;C:\Program Files (x86)\NVIDIA Corporation\PhysX\Common;C:\Program Files (x86)\Skype\Phone\;C:\Program Files (x86)\bin;C:\WINDOWS\system32;C:\WINDOWS;C:\WINDOWS\System32\Wbem;C:\WINDOWS\System32\WindowsPowerShell\v1.0\;C:\Users\usuario\Documents\IW\apache-maven-3.3.9\bin;C:\Program Files\Java\jdk1.7.0_79\bin
USERNAME=usuario
OS=Windows_NT
PROCESSOR_IDENTIFIER=Intel64 Family 6 Model 61 Stepping 4, GenuineIntel



---------------  S Y S T E M  ---------------

OS: Windows 8.1 , 64 bit Build 9600 

CPU:total 4 (2 cores per cpu, 2 threads per core) family 6 model 61 stepping 4, cmov, cx8, fxsr, mmx, sse, sse2, sse3, ssse3, sse4.1, sse4.2, popcnt, avx, avx2, aes, erms, ht, tsc, tscinvbit

Memory: 4k page, physical 4094316k(376968k free), swap 4094316k(4124k free)

vm_info: Java HotSpot(TM) 64-Bit Server VM (24.79-b02) for windows-amd64 JRE (1.7.0_79-b15), built on Apr 10 2015 12:36:16 by "java_re" with unknown MS VC++:1600

time: Mon May 16 18:46:59 2016
elapsed time: 26 seconds

