#
# There is insufficient memory for the Java Runtime Environment to continue.
# Native memory allocation (malloc) failed to allocate 1075856 bytes for Chunk::new
# Possible reasons:
#   The system is out of physical RAM or swap space
#   In 32 bit mode, the process size limit was hit
# Possible solutions:
#   Reduce memory load on the system
#   Increase physical memory or swap space
#   Check if swap backing store is full
#   Use 64 bit Java on a 64 bit OS
#   Decrease Java heap size (-Xmx/-Xms)
#   Decrease number of Java threads
#   Decrease Java thread stack sizes (-Xss)
#   Set larger code cache with -XX:ReservedCodeCacheSize=
# This output file may be truncated or incomplete.
#
#  Out of Memory Error (allocation.cpp:323), pid=3972, tid=9972
#
# JRE version: Java(TM) SE Runtime Environment (7.0_79-b15) (build 1.7.0_79-b15)
# Java VM: Java HotSpot(TM) 64-Bit Server VM (24.79-b02 mixed mode windows-amd64 compressed oops)
# Failed to write core dump. Minidumps are not enabled by default on client versions of Windows
#

---------------  T H R E A D  ---------------

Current thread (0x00000000080bc000):  JavaThread "C2 CompilerThread0" daemon [_thread_in_native, id=9972, stack(0x0000000009630000,0x0000000009730000)]

Stack: [0x0000000009630000,0x0000000009730000]

Current CompileTask:
C2: 507263 1667             org.eclipse.jdt.internal.compiler.ClassFile::traverse (7789 bytes)


---------------  P R O C E S S  ---------------

Java Threads: ( => current thread )
  0x000000000ac7d000 JavaThread "http-bio-8080-exec-10" daemon [_thread_in_native, id=5124, stack(0x0000000016e70000,0x0000000016f70000)]
  0x000000000ac7c000 JavaThread "http-bio-8080-exec-9" daemon [_thread_blocked, id=8612, stack(0x0000000016d70000,0x0000000016e70000)]
  0x000000000ac77800 JavaThread "http-bio-8080-exec-8" daemon [_thread_in_native, id=3088, stack(0x0000000016c70000,0x0000000016d70000)]
  0x000000000ac78800 JavaThread "http-bio-8080-exec-7" daemon [_thread_in_native, id=13372, stack(0x0000000016b70000,0x0000000016c70000)]
  0x000000000ac7b800 JavaThread "http-bio-8080-exec-6" daemon [_thread_blocked, id=15448, stack(0x0000000016a70000,0x0000000016b70000)]
  0x000000000ac77000 JavaThread "http-bio-8080-exec-5" daemon [_thread_in_native, id=13836, stack(0x0000000016970000,0x0000000016a70000)]
  0x000000000ac7d800 JavaThread "http-bio-8080-exec-4" daemon [_thread_blocked, id=19216, stack(0x0000000016870000,0x0000000016970000)]
  0x00000000148c8800 JavaThread "http-bio-8080-exec-3" daemon [_thread_in_native, id=10140, stack(0x00000000127e0000,0x00000000128e0000)]
  0x00000000138f8800 JavaThread "http-bio-8080-exec-2" daemon [_thread_blocked, id=8928, stack(0x00000000126e0000,0x00000000127e0000)]
  0x000000000f59f000 JavaThread "http-bio-8080-exec-1" daemon [_thread_in_native, id=11884, stack(0x00000000125e0000,0x00000000126e0000)]
  0x0000000010cab800 JavaThread "http-bio-8080-AsyncTimeout" daemon [_thread_blocked, id=5052, stack(0x00000000124e0000,0x00000000125e0000)]
  0x00000000142be800 JavaThread "http-bio-8080-Acceptor-0" daemon [_thread_in_native, id=14720, stack(0x00000000123e0000,0x00000000124e0000)]
  0x000000000cde8800 JavaThread "ContainerBackgroundProcessor[StandardEngine[Tomcat]]" daemon [_thread_blocked, id=12260, stack(0x0000000011280000,0x0000000011380000)]
  0x000000000ee1e000 JavaThread "Timer-0" daemon [_thread_blocked, id=3628, stack(0x0000000011180000,0x0000000011280000)]
  0x000000000b5a4800 JavaThread "Thread-2" daemon [_thread_in_native, id=15524, stack(0x0000000010e80000,0x0000000010f80000)]
  0x00000000080c3000 JavaThread "Service Thread" daemon [_thread_blocked, id=17552, stack(0x0000000009830000,0x0000000009930000)]
  0x00000000080be000 JavaThread "C2 CompilerThread1" daemon [_thread_blocked, id=15180, stack(0x0000000009730000,0x0000000009830000)]
=>0x00000000080bc000 JavaThread "C2 CompilerThread0" daemon [_thread_in_native, id=9972, stack(0x0000000009630000,0x0000000009730000)]
  0x00000000080bb000 JavaThread "Attach Listener" daemon [_thread_blocked, id=6892, stack(0x0000000009530000,0x0000000009630000)]
  0x00000000080b8000 JavaThread "Signal Dispatcher" daemon [_thread_blocked, id=13904, stack(0x0000000009430000,0x0000000009530000)]
  0x0000000008080000 JavaThread "Finalizer" daemon [_thread_blocked, id=18312, stack(0x0000000009330000,0x0000000009430000)]
  0x0000000008076800 JavaThread "Reference Handler" daemon [_thread_blocked, id=7620, stack(0x0000000009230000,0x0000000009330000)]
  0x000000000220e800 JavaThread "main" [_thread_blocked, id=19320, stack(0x0000000002100000,0x0000000002200000)]

Other Threads:
  0x0000000008071800 VMThread [stack: 0x0000000009130000,0x0000000009230000] [id=3880]
  0x00000000080e4800 WatcherThread [stack: 0x0000000009930000,0x0000000009a30000] [id=18152]

VM state:not at safepoint (normal execution)

VM Mutex/Monitor currently owned by a thread: None

Heap
 PSYoungGen      total 264192K, used 180443K [0x00000000eb280000, 0x0000000100000000, 0x0000000100000000)
  eden space 225280K, 69% used [0x00000000eb280000,0x00000000f4c14e80,0x00000000f8e80000)
  from space 38912K, 59% used [0x00000000f8e80000,0x00000000fa521fa0,0x00000000fb480000)
  to   space 38912K, 0% used [0x00000000fda00000,0x00000000fda00000,0x0000000100000000)
 ParOldGen       total 62464K, used 38911K [0x00000000c1800000, 0x00000000c5500000, 0x00000000eb280000)
  object space 62464K, 62% used [0x00000000c1800000,0x00000000c3dffc10,0x00000000c5500000)
 PSPermGen       total 68096K, used 68006K [0x00000000bc600000, 0x00000000c0880000, 0x00000000c1800000)
  object space 68096K, 99% used [0x00000000bc600000,0x00000000c0869a20,0x00000000c0880000)

Card table byte_map: [0x00000000053d0000,0x00000000055f0000] byte_map_base: 0x0000000004ded000

Polling page: 0x0000000000520000

Code Cache  [0x0000000002310000, 0x0000000002a10000, 0x0000000005310000)
 total_blobs=2031 nmethods=1496 adapters=485 free_code_cache=42091Kb largest_free_block=43021760

Compilation events (10 events):
Event: 504.600 Thread 0x00000000080bc000 nmethod 1663 0x00000000029f1b10 code [0x00000000029f1c60, 0x00000000029f2068]
Event: 504.733 Thread 0x00000000080be000 1664             org.eclipse.jdt.internal.compiler.parser.Parser::pushOnIntStack (54 bytes)
Event: 504.745 Thread 0x00000000080be000 nmethod 1664 0x00000000029fa8d0 code [0x00000000029faa20, 0x00000000029fac18]
Event: 505.027 Thread 0x00000000080bc000 1665             org.eclipse.jdt.internal.compiler.lookup.TypeBinding::findSuperTypeOriginatingFrom (655 bytes)
Event: 505.196 Thread 0x00000000080bc000 nmethod 1665 0x0000000002907190 code [0x0000000002907440, 0x0000000002908540]
Event: 505.217 Thread 0x00000000080be000 1666             org.eclipse.jdt.internal.compiler.lookup.CompilationUnitScope::recordQualifiedReference (111 bytes)
Event: 505.220 Thread 0x00000000080be000 nmethod 1666 0x00000000029fbfd0 code [0x00000000029fc100, 0x00000000029fc178]
Event: 505.378 Thread 0x00000000080bc000 1667             org.eclipse.jdt.internal.compiler.ClassFile::traverse (7789 bytes)
Event: 505.402 Thread 0x00000000080be000 1668             org.eclipse.jdt.internal.compiler.lookup.MethodBinding::isVarargs (15 bytes)
Event: 505.404 Thread 0x00000000080be000 nmethod 1668 0x00000000029f1910 code [0x00000000029f1a40, 0x00000000029f1a98]

GC Heap History (10 events):
Event: 84.821 GC heap before
{Heap before GC invocations=12 (full 1):
 PSYoungGen      total 166400K, used 160464K [0x00000000eb280000, 0x00000000f7600000, 0x0000000100000000)
  eden space 138752K, 100% used [0x00000000eb280000,0x00000000f3a00000,0x00000000f3a00000)
  from space 27648K, 78% used [0x00000000f5700000,0x00000000f6c34140,0x00000000f7200000)
  to   space 29696K, 0% used [0x00000000f3a00000,0x00000000f3a00000,0x00000000f5700000)
 ParOldGen       total 62464K, used 26066K [0x00000000c1800000, 0x00000000c5500000, 0x00000000eb280000)
  object space 62464K, 41% used [0x00000000c1800000,0x00000000c31749f0,0x00000000c5500000)
 PSPermGen       total 55808K, used 35007K [0x00000000bc600000, 0x00000000bfc80000, 0x00000000c1800000)
  object space 55808K, 62% used [0x00000000bc600000,0x00000000be82fe90,0x00000000bfc80000)
Event: 84.925 GC heap after
Heap after GC invocations=12 (full 1):
 PSYoungGen      total 168448K, used 29692K [0x00000000eb280000, 0x00000000fa180000, 0x0000000100000000)
  eden space 138752K, 0% used [0x00000000eb280000,0x00000000eb280000,0x00000000f3a00000)
  from space 29696K, 99% used [0x00000000f3a00000,0x00000000f56ff0e0,0x00000000f5700000)
  to   space 34304K, 0% used [0x00000000f8000000,0x00000000f8000000,0x00000000fa180000)
 ParOldGen       total 62464K, used 26579K [0x00000000c1800000, 0x00000000c5500000, 0x00000000eb280000)
  object space 62464K, 42% used [0x00000000c1800000,0x00000000c31f4d58,0x00000000c5500000)
 PSPermGen       total 55808K, used 35007K [0x00000000bc600000, 0x00000000bfc80000, 0x00000000c1800000)
  object space 55808K, 62% used [0x00000000bc600000,0x00000000be82fe90,0x00000000bfc80000)
}
Event: 89.752 GC heap before
{Heap before GC invocations=13 (full 1):
 PSYoungGen      total 168448K, used 168444K [0x00000000eb280000, 0x00000000fa180000, 0x0000000100000000)
  eden space 138752K, 100% used [0x00000000eb280000,0x00000000f3a00000,0x00000000f3a00000)
  from space 29696K, 99% used [0x00000000f3a00000,0x00000000f56ff0e0,0x00000000f5700000)
  to   space 34304K, 0% used [0x00000000f8000000,0x00000000f8000000,0x00000000fa180000)
 ParOldGen       total 62464K, used 26579K [0x00000000c1800000, 0x00000000c5500000, 0x00000000eb280000)
  object space 62464K, 42% used [0x00000000c1800000,0x00000000c31f4d58,0x00000000c5500000)
 PSPermGen       total 55808K, used 35024K [0x00000000bc600000, 0x00000000bfc80000, 0x00000000c1800000)
  object space 55808K, 62% used [0x00000000bc600000,0x00000000be834058,0x00000000bfc80000)
Event: 90.089 GC heap after
Heap after GC invocations=13 (full 1):
 PSYoungGen      total 205312K, used 33453K [0x00000000eb280000, 0x00000000fb780000, 0x0000000100000000)
  eden space 171008K, 0% used [0x00000000eb280000,0x00000000eb280000,0x00000000f5980000)
  from space 34304K, 97% used [0x00000000f8000000,0x00000000fa0ab400,0x00000000fa180000)
  to   space 39424K, 0% used [0x00000000f5980000,0x00000000f5980000,0x00000000f8000000)
 ParOldGen       total 62464K, used 26587K [0x00000000c1800000, 0x00000000c5500000, 0x00000000eb280000)
  object space 62464K, 42% used [0x00000000c1800000,0x00000000c31f6d58,0x00000000c5500000)
 PSPermGen       total 55808K, used 35024K [0x00000000bc600000, 0x00000000bfc80000, 0x00000000c1800000)
  object space 55808K, 62% used [0x00000000bc600000,0x00000000be834058,0x00000000bfc80000)
}
Event: 106.004 GC heap before
{Heap before GC invocations=14 (full 1):
 PSYoungGen      total 205312K, used 204461K [0x00000000eb280000, 0x00000000fb780000, 0x0000000100000000)
  eden space 171008K, 100% used [0x00000000eb280000,0x00000000f5980000,0x00000000f5980000)
  from space 34304K, 97% used [0x00000000f8000000,0x00000000fa0ab400,0x00000000fa180000)
  to   space 39424K, 0% used [0x00000000f5980000,0x00000000f5980000,0x00000000f8000000)
 ParOldGen       total 62464K, used 26587K [0x00000000c1800000, 0x00000000c5500000, 0x00000000eb280000)
  object space 62464K, 42% used [0x00000000c1800000,0x00000000c31f6d58,0x00000000c5500000)
 PSPermGen       total 55808K, used 42000K [0x00000000bc600000, 0x00000000bfc80000, 0x00000000c1800000)
  object space 55808K, 75% used [0x00000000bc600000,0x00000000bef040f8,0x00000000bfc80000)
Event: 106.223 GC heap after
Heap after GC invocations=14 (full 1):
 PSYoungGen      total 210432K, used 21943K [0x00000000eb280000, 0x00000000fde80000, 0x0000000100000000)
  eden space 171008K, 0% used [0x00000000eb280000,0x00000000eb280000,0x00000000f5980000)
  from space 39424K, 55% used [0x00000000f5980000,0x00000000f6eede78,0x00000000f8000000)
  to   space 39424K, 0% used [0x00000000fb800000,0x00000000fb800000,0x00000000fde80000)
 ParOldGen       total 62464K, used 33326K [0x00000000c1800000, 0x00000000c5500000, 0x00000000eb280000)
  object space 62464K, 53% used [0x00000000c1800000,0x00000000c388b9d0,0x00000000c5500000)
 PSPermGen       total 55808K, used 42000K [0x00000000bc600000, 0x00000000bfc80000, 0x00000000c1800000)
  object space 55808K, 75% used [0x00000000bc600000,0x00000000bef040f8,0x00000000bfc80000)
}
Event: 130.132 GC heap before
{Heap before GC invocations=15 (full 1):
 PSYoungGen      total 210432K, used 192951K [0x00000000eb280000, 0x00000000fde80000, 0x0000000100000000)
  eden space 171008K, 100% used [0x00000000eb280000,0x00000000f5980000,0x00000000f5980000)
  from space 39424K, 55% used [0x00000000f5980000,0x00000000f6eede78,0x00000000f8000000)
  to   space 39424K, 0% used [0x00000000fb800000,0x00000000fb800000,0x00000000fde80000)
 ParOldGen       total 62464K, used 33326K [0x00000000c1800000, 0x00000000c5500000, 0x00000000eb280000)
  object space 62464K, 53% used [0x00000000c1800000,0x00000000c388b9d0,0x00000000c5500000)
 PSPermGen       total 56832K, used 56546K [0x00000000bc600000, 0x00000000bfd80000, 0x00000000c1800000)
  object space 56832K, 99% used [0x00000000bc600000,0x00000000bfd38a80,0x00000000bfd80000)
Event: 130.426 GC heap after
Heap after GC invocations=15 (full 1):
 PSYoungGen      total 260608K, used 21763K [0x00000000eb280000, 0x00000000fda80000, 0x0000000100000000)
  eden space 225280K, 0% used [0x00000000eb280000,0x00000000eb280000,0x00000000f8e80000)
  from space 35328K, 61% used [0x00000000fb800000,0x00000000fcd40ec0,0x00000000fda80000)
  to   space 38912K, 0% used [0x00000000f8e80000,0x00000000f8e80000,0x00000000fb480000)
 ParOldGen       total 62464K, used 33633K [0x00000000c1800000, 0x00000000c5500000, 0x00000000eb280000)
  object space 62464K, 53% used [0x00000000c1800000,0x00000000c38d8780,0x00000000c5500000)
 PSPermGen       total 56832K, used 56546K [0x00000000bc600000, 0x00000000bfd80000, 0x00000000c1800000)
  object space 56832K, 99% used [0x00000000bc600000,0x00000000bfd38a80,0x00000000bfd80000)
}
Event: 150.782 GC heap before
{Heap before GC invocations=16 (full 1):
 PSYoungGen      total 260608K, used 247043K [0x00000000eb280000, 0x00000000fda80000, 0x0000000100000000)
  eden space 225280K, 100% used [0x00000000eb280000,0x00000000f8e80000,0x00000000f8e80000)
  from space 35328K, 61% used [0x00000000fb800000,0x00000000fcd40ec0,0x00000000fda80000)
  to   space 38912K, 0% used [0x00000000f8e80000,0x00000000f8e80000,0x00000000fb480000)
 ParOldGen       total 62464K, used 33633K [0x00000000c1800000, 0x00000000c5500000, 0x00000000eb280000)
  object space 62464K, 53% used [0x00000000c1800000,0x00000000c38d8780,0x00000000c5500000)
 PSPermGen       total 67584K, used 67098K [0x00000000bc600000, 0x00000000c0800000, 0x00000000c1800000)
  object space 67584K, 99% used [0x00000000bc600000,0x00000000c0786a70,0x00000000c0800000)
Event: 150.956 GC heap after
Heap after GC invocations=16 (full 1):
 PSYoungGen      total 264192K, used 23175K [0x00000000eb280000, 0x0000000100000000, 0x0000000100000000)
  eden space 225280K, 0% used [0x00000000eb280000,0x00000000eb280000,0x00000000f8e80000)
  from space 38912K, 59% used [0x00000000f8e80000,0x00000000fa521fa0,0x00000000fb480000)
  to   space 38912K, 0% used [0x00000000fda00000,0x00000000fda00000,0x0000000100000000)
 ParOldGen       total 62464K, used 38911K [0x00000000c1800000, 0x00000000c5500000, 0x00000000eb280000)
  object space 62464K, 62% used [0x00000000c1800000,0x00000000c3dffc10,0x00000000c5500000)
 PSPermGen       total 67584K, used 67098K [0x00000000bc600000, 0x00000000c0800000, 0x00000000c1800000)
  object space 67584K, 99% used [0x00000000bc600000,0x00000000c0786a70,0x00000000c0800000)
}

Deoptimization events (10 events):
Event: 156.566 Thread 0x000000000ac7d800 Uncommon trap: reason=bimorphic action=maybe_recompile pc=0x00000000029bf764 method=java.io.PrintWriter.write(Ljava/lang/String;II)V @ 19
Event: 156.566 Thread 0x00000000138f8800 Uncommon trap: reason=bimorphic action=maybe_recompile pc=0x00000000029bf764 method=java.io.PrintWriter.write(Ljava/lang/String;II)V @ 19
Event: 156.566 Thread 0x000000000f59f000 Uncommon trap: reason=bimorphic action=maybe_recompile pc=0x00000000029bf764 method=java.io.PrintWriter.write(Ljava/lang/String;II)V @ 19
Event: 156.568 Thread 0x00000000148c8800 Uncommon trap: reason=bimorphic action=maybe_recompile pc=0x00000000029bf764 method=java.io.PrintWriter.write(Ljava/lang/String;II)V @ 19
Event: 157.072 Thread 0x000000000ac7c000 Uncommon trap: reason=bimorphic action=maybe_recompile pc=0x00000000029c2c28 method=java.io.PrintWriter.write(Ljava/lang/String;II)V @ 19
Event: 157.076 Thread 0x000000000ac78800 Uncommon trap: reason=bimorphic action=maybe_recompile pc=0x00000000029d7e80 method=java.io.PrintWriter.write(Ljava/lang/String;II)V @ 19
Event: 502.805 Thread 0x000000000ac77800 Uncommon trap: reason=class_check action=maybe_recompile pc=0x0000000002911930 method=org.springframework.web.util.UrlPathHelper.determineEncoding(Ljavax/servlet/http/HttpServletRequest;)Ljava/lang/String; @ 1
Event: 502.805 Thread 0x000000000ac77800 Uncommon trap: reason=class_check action=maybe_recompile pc=0x0000000002911930 method=org.springframework.web.util.UrlPathHelper.determineEncoding(Ljavax/servlet/http/HttpServletRequest;)Ljava/lang/String; @ 1
Event: 502.805 Thread 0x000000000ac77800 Uncommon trap: reason=class_check action=maybe_recompile pc=0x0000000002911930 method=org.springframework.web.util.UrlPathHelper.determineEncoding(Ljavax/servlet/http/HttpServletRequest;)Ljava/lang/String; @ 1
Event: 502.805 Thread 0x000000000ac77800 Uncommon trap: reason=class_check action=maybe_recompile pc=0x0000000002911930 method=org.springframework.web.util.UrlPathHelper.determineEncoding(Ljavax/servlet/http/HttpServletRequest;)Ljava/lang/String; @ 1

Internal exceptions (10 events):
Event: 505.653 Thread 0x000000000ac77800 Threw 0x00000000f4b59e98 at C:\re\jdk7u79\2331\hotspot\src\share\vm\prims\jvm.cpp:1304
Event: 505.656 Thread 0x000000000ac77800 Threw 0x00000000f4b5aee0 at C:\re\jdk7u79\2331\hotspot\src\share\vm\prims\jvm.cpp:1304
Event: 505.657 Thread 0x000000000ac77800 Threw 0x00000000f4b5b790 at C:\re\jdk7u79\2331\hotspot\src\share\vm\prims\jvm.cpp:1304
Event: 505.659 Thread 0x000000000ac77800 Threw 0x00000000f4b62890 at C:\re\jdk7u79\2331\hotspot\src\share\vm\prims\jvm.cpp:1304
Event: 505.660 Thread 0x000000000ac77800 Threw 0x00000000f4b63e70 at C:\re\jdk7u79\2331\hotspot\src\share\vm\prims\jvm.cpp:1304
Event: 505.663 Thread 0x000000000ac77800 Threw 0x00000000f4b6aba0 at C:\re\jdk7u79\2331\hotspot\src\share\vm\prims\jvm.cpp:1304
Event: 505.664 Thread 0x000000000ac77800 Threw 0x00000000f4b6f130 at C:\re\jdk7u79\2331\hotspot\src\share\vm\prims\jvm.cpp:1304
Event: 505.666 Thread 0x000000000ac77800 Threw 0x00000000f4b732c0 at C:\re\jdk7u79\2331\hotspot\src\share\vm\prims\jvm.cpp:1304
Event: 505.671 Thread 0x000000000ac77800 Threw 0x00000000f4b78f20 at C:\re\jdk7u79\2331\hotspot\src\share\vm\prims\jvm.cpp:1304
Event: 505.671 Thread 0x000000000ac77800 Threw 0x00000000f4b79800 at C:\re\jdk7u79\2331\hotspot\src\share\vm\prims\jvm.cpp:1304

Events (10 events):
Event: 505.664 loading class 0x000000000c05b1b0
Event: 505.664 loading class 0x000000000c05b1b0 done
Event: 505.664 loading class 0x000000000c05b1b0
Event: 505.664 loading class 0x000000000c05b1b0 done
Event: 505.665 loading class 0x000000000d9bfaa0
Event: 505.665 loading class 0x000000000d9bfaa0 done
Event: 505.665 loading class 0x000000000d9bfaa0
Event: 505.665 loading class 0x000000000d9bfaa0 done
Event: 505.671 loading class 0x000000000c0504f0
Event: 505.671 loading class 0x000000000c0504f0 done


Dynamic libraries:
0x00007ff7361c0000 - 0x00007ff7361f3000 	C:\Program Files\Java\jdk1.7.0_79\bin\java.exe
0x00007ffeaa780000 - 0x00007ffeaa941000 	C:\WINDOWS\SYSTEM32\ntdll.dll
0x00007ffea8aa0000 - 0x00007ffea8b4d000 	C:\WINDOWS\system32\KERNEL32.DLL
0x00007ffea7820000 - 0x00007ffea7a08000 	C:\WINDOWS\system32\KERNELBASE.dll
0x00007ffea8420000 - 0x00007ffea84c7000 	C:\WINDOWS\system32\ADVAPI32.dll
0x00007ffeaa660000 - 0x00007ffeaa6fd000 	C:\WINDOWS\system32\msvcrt.dll
0x00007ffea83c0000 - 0x00007ffea841b000 	C:\WINDOWS\system32\sechost.dll
0x00007ffeaa3e0000 - 0x00007ffeaa4fc000 	C:\WINDOWS\system32\RPCRT4.dll
0x00007ffea8650000 - 0x00007ffea87a6000 	C:\WINDOWS\system32\USER32.dll
0x00007ffea7be0000 - 0x00007ffea7d66000 	C:\WINDOWS\system32\GDI32.dll
0x00007ffe9cd00000 - 0x00007ffe9cf74000 	C:\WINDOWS\WinSxS\amd64_microsoft.windows.common-controls_6595b64144ccf1df_6.0.10586.0_none_8c15ae12515e1c22\COMCTL32.dll
0x00007ffea87b0000 - 0x00007ffea8a2d000 	C:\WINDOWS\system32\combase.dll
0x00007ffea7650000 - 0x00007ffea76ba000 	C:\WINDOWS\system32\bcryptPrimitives.dll
0x00007ffea8dd0000 - 0x00007ffea8e0b000 	C:\WINDOWS\system32\IMM32.DLL
0x0000000071e30000 - 0x0000000071f02000 	C:\Program Files\Java\jdk1.7.0_79\jre\bin\msvcr100.dll
0x0000000071220000 - 0x00000000719f5000 	C:\Program Files\Java\jdk1.7.0_79\jre\bin\server\jvm.dll
0x00007ffea84d0000 - 0x00007ffea84d8000 	C:\WINDOWS\system32\PSAPI.DLL
0x00007ffea4020000 - 0x00007ffea4029000 	C:\WINDOWS\SYSTEM32\WSOCK32.dll
0x00007ffea4f80000 - 0x00007ffea4fa3000 	C:\WINDOWS\SYSTEM32\WINMM.dll
0x00007ffea8a30000 - 0x00007ffea8a9b000 	C:\WINDOWS\system32\WS2_32.dll
0x00007ffea4f50000 - 0x00007ffea4f7c000 	C:\WINDOWS\SYSTEM32\WINMMBASE.dll
0x00007ffea77d0000 - 0x00007ffea7813000 	C:\WINDOWS\system32\cfgmgr32.dll
0x0000000071e20000 - 0x0000000071e2f000 	C:\Program Files\Java\jdk1.7.0_79\jre\bin\verify.dll
0x0000000071df0000 - 0x0000000071e18000 	C:\Program Files\Java\jdk1.7.0_79\jre\bin\java.dll
0x0000000071dd0000 - 0x0000000071de5000 	C:\Program Files\Java\jdk1.7.0_79\jre\bin\zip.dll
0x0000000070290000 - 0x00000000702aa000 	C:\Program Files\Java\jdk1.7.0_79\jre\bin\net.dll
0x00007ffea66d0000 - 0x00007ffea672c000 	C:\WINDOWS\system32\mswsock.dll
0x0000000070270000 - 0x0000000070281000 	C:\Program Files\Java\jdk1.7.0_79\jre\bin\nio.dll
0x00007ffea6780000 - 0x00007ffea6797000 	C:\WINDOWS\SYSTEM32\CRYPTSP.dll
0x00007ffea6410000 - 0x00007ffea6444000 	C:\WINDOWS\system32\rsaenh.dll
0x00007ffea69a0000 - 0x00007ffea69c9000 	C:\WINDOWS\SYSTEM32\bcrypt.dll
0x00007ffea6560000 - 0x00007ffea657f000 	C:\WINDOWS\SYSTEM32\USERENV.dll
0x00007ffea6e10000 - 0x00007ffea6e24000 	C:\WINDOWS\system32\profapi.dll
0x00007ffea68a0000 - 0x00007ffea68ab000 	C:\WINDOWS\SYSTEM32\CRYPTBASE.dll
0x00007ffe9d7e0000 - 0x00007ffe9d818000 	C:\WINDOWS\SYSTEM32\IPHLPAPI.DLL
0x00007ffea8b50000 - 0x00007ffea8b58000 	C:\WINDOWS\system32\NSI.dll
0x00007ffe9d340000 - 0x00007ffe9d356000 	C:\WINDOWS\SYSTEM32\dhcpcsvc6.DLL
0x00007ffe9d320000 - 0x00007ffe9d33a000 	C:\WINDOWS\SYSTEM32\dhcpcsvc.DLL
0x0000000071dc0000 - 0x0000000071dcb000 	C:\Program Files\Java\jdk1.7.0_79\jre\bin\management.dll
0x00007ffea5810000 - 0x00007ffea58ba000 	C:\WINDOWS\SYSTEM32\DNSAPI.dll
0x00007ffe99aa0000 - 0x00007ffe99aaa000 	C:\Windows\System32\rasadhlp.dll
0x00007ffe9d660000 - 0x00007ffe9d6c7000 	C:\WINDOWS\System32\fwpuclnt.dll

VM Arguments:
jvm_args: -Dclassworlds.conf=C:\Users\usuario\Documents\IW\apache-maven-3.3.9\bin\m2.conf -Dmaven.home=C:\Users\usuario\Documents\IW\apache-maven-3.3.9 -Dmaven.multiModuleProjectDirectory=C:\Users\usuario\Documents\IW\workspace-sts-3.7.2.RELEASE\iw2016-ujob 
java_command: org.codehaus.plexus.classworlds.launcher.Launcher clean compile tomcat7:run
Launcher Type: SUN_STANDARD

Environment Variables:
JAVA_HOME=C:\Program Files\Java\jdk1.7.0_79
PATH=C:\Program Files (x86)\Intel\iCLS Client\;C:\Program Files\Intel\iCLS Client\;C:\Windows\system32;C:\Windows;C:\Windows\System32\Wbem;C:\Windows\System32\WindowsPowerShell\v1.0\;C:\Program Files (x86)\Intel\Intel(R) Management Engine Components\DAL;C:\Program Files\Intel\Intel(R) Management Engine Components\DAL;C:\Program Files (x86)\Intel\Intel(R) Management Engine Components\IPT;C:\Program Files\Intel\Intel(R) Management Engine Components\IPT;C:\Program Files (x86)\NVIDIA Corporation\PhysX\Common;C:\Program Files (x86)\Skype\Phone\;C:\Program Files (x86)\bin;C:\WINDOWS\system32;C:\WINDOWS;C:\WINDOWS\System32\Wbem;C:\WINDOWS\System32\WindowsPowerShell\v1.0\;C:\Users\usuario\Documents\IW\apache-maven-3.3.9\bin;C:\Program Files\Java\jdk1.7.0_79\bin
USERNAME=usuario
OS=Windows_NT
PROCESSOR_IDENTIFIER=Intel64 Family 6 Model 61 Stepping 4, GenuineIntel



---------------  S Y S T E M  ---------------

OS: Windows 8.1 , 64 bit Build 9600 

CPU:total 4 (2 cores per cpu, 2 threads per core) family 6 model 61 stepping 4, cmov, cx8, fxsr, mmx, sse, sse2, sse3, ssse3, sse4.1, sse4.2, popcnt, avx, avx2, aes, erms, ht, tsc, tscinvbit

Memory: 4k page, physical 4094316k(408780k free), swap 4094316k(3796k free)

vm_info: Java HotSpot(TM) 64-Bit Server VM (24.79-b02) for windows-amd64 JRE (1.7.0_79-b15), built on Apr 10 2015 12:36:16 by "java_re" with unknown MS VC++:1600

time: Mon May 16 16:33:55 2016
elapsed time: 507 seconds

